<?xml version="1.0" encoding="UTF-8"?>
<!-- Generated by org.testng.reporters.JUnitXMLReporter -->
<testsuite hostname="LAPTOP-QMCU0A20" ignored="4" name="EmaarOne Test Suite" tests="3" failures="0" timestamp="2020-09-15T12:22:16 GST" time="965.307" errors="0">
  <testcase name="TCA001_SRCreation" time="488.141" classname="tests.TCA001_SRCreation_EmaarOne"/>
  <testcase name="TCA002_SRCreation" time="240.516" classname="tests.TCA002_SRCreation_EmaarOne"/>
  <testcase name="TCA003_SRCreation" time="236.606" classname="tests.TCA003_SRCreation_EmaarOne"/>
  <testcase name="@AfterSuite tearDownAfterClass" time="0.0" classname="pages.BasePage">
    <ignored/>
  </testcase> <!-- @AfterSuite tearDownAfterClass -->
  <testcase name="@AfterSuite tearDownAfterClass" time="0.0" classname="pages.BasePage">
    <ignored/>
  </testcase> <!-- @AfterSuite tearDownAfterClass -->
  <testcase name="@BeforeSuite testSuiteSetup" time="0.0" classname="pages.BasePage">
    <ignored/>
  </testcase> <!-- @BeforeSuite testSuiteSetup -->
  <testcase name="@BeforeSuite testSuiteSetup" time="0.0" classname="pages.BasePage">
    <ignored/>
  </testcase> <!-- @BeforeSuite testSuiteSetup -->
</testsuite> <!-- EmaarOne Test Suite -->
