<?xml version="1.0" encoding="UTF-8"?>
<testng-results skipped="0" failed="0" ignored="0" total="1" passed="1">
  <reporter-output>
    <line>
      <![CDATA[Test Execution Time]]>
    </line>
    <line>
      <![CDATA[Copy entire test result to the Test Result Excel Sheet]]>
    </line>
  </reporter-output>
  <suite name="Suite" duration-ms="286897" started-at="2020-09-16T12:39:54 GST" finished-at="2020-09-16T12:44:41 GST">
    <groups>
    </groups>
    <test name="EmaarOne Test Suite" duration-ms="286897" started-at="2020-09-16T12:39:54 GST" finished-at="2020-09-16T12:44:41 GST">
      <class name="tests.TCA002_SRCreation_EmaarOne">
        <test-method status="PASS" signature="testSuiteSetup()[pri:0, instance:tests.TCA002_SRCreation_EmaarOne@491cc5c9]" name="testSuiteSetup" is-config="true" duration-ms="122" started-at="2020-09-16T12:39:54 GST" finished-at="2020-09-16T12:39:54 GST">
          <reporter-output>
          </reporter-output>
        </test-method> <!-- testSuiteSetup -->
        <test-method status="PASS" signature="TCA002_SRCreation(java.lang.reflect.Method)[pri:0, instance:tests.TCA002_SRCreation_EmaarOne@491cc5c9]" name="TCA002_SRCreation" duration-ms="286859" started-at="2020-09-16T12:39:54 GST" description="Test Case 002" finished-at="2020-09-16T12:44:41 GST">
          <params>
            <param index="0">
              <value>
                <![CDATA[public void tests.TCA002_SRCreation_EmaarOne.TCA002_SRCreation(java.lang.reflect.Method) throws java.lang.Throwable]]>
              </value>
            </param>
          </params>
          <reporter-output>
            <line>
              <![CDATA[Test Execution Time]]>
            </line>
          </reporter-output>
        </test-method> <!-- TCA002_SRCreation -->
        <test-method status="PASS" signature="getResult(org.testng.ITestResult)[pri:0, instance:tests.TCA002_SRCreation_EmaarOne@491cc5c9]" name="getResult" is-config="true" duration-ms="4" started-at="2020-09-16T12:44:41 GST" finished-at="2020-09-16T12:44:41 GST">
          <params>
            <param index="0">
              <value>
                <![CDATA[[TestResult name=TCA002_SRCreation status=SUCCESS method=TCA002_SRCreation_EmaarOne.TCA002_SRCreation(java.lang.reflect.Method)[pri:0, instance:tests.TCA002_SRCreation_EmaarOne@491cc5c9] output=Test Execution Time]]]>
              </value>
            </param>
          </params>
          <reporter-output>
          </reporter-output>
        </test-method> <!-- getResult -->
        <test-method status="PASS" signature="tearDownAfterClass()[pri:0, instance:tests.TCA002_SRCreation_EmaarOne@491cc5c9]" name="tearDownAfterClass" is-config="true" duration-ms="404" started-at="2020-09-16T12:44:41 GST" finished-at="2020-09-16T12:44:41 GST">
          <reporter-output>
            <line>
              <![CDATA[Copy entire test result to the Test Result Excel Sheet]]>
            </line>
          </reporter-output>
        </test-method> <!-- tearDownAfterClass -->
      </class> <!-- tests.TCA002_SRCreation_EmaarOne -->
    </test> <!-- EmaarOne Test Suite -->
  </suite> <!-- Suite -->
</testng-results>
